The system is: Windows - 10.0.18363 - AMD64
Compiling the C compiler identification source file "CMakeCCompilerId.c" succeeded.
Compiler: C:/Program Files (x86)/Microsoft Visual Studio/2019/Community/VC/Tools/MSVC/14.28.29333/bin/Hostx64/x64/cl.exe 
Build flags: 
Id flags:  

The output was:
0
Microsoft (R) C/C++ Optimizing Compiler Version 19.28.29336 for x64
Copyright (C) Microsoft Corporation.  All rights reserved.

CMakeCCompilerId.c
Microsoft (R) Incremental Linker Version 14.28.29336.0
Copyright (C) Microsoft Corporation.  All rights reserved.

/out:CMakeCCompilerId.exe 
CMakeCCompilerId.obj 


Compilation of the C compiler identification source "CMakeCCompilerId.c" produced "CMakeCCompilerId.exe"

Compilation of the C compiler identification source "CMakeCCompilerId.c" produced "CMakeCCompilerId.obj"

The C compiler identification is MSVC, found in "C:/dev/Staring_Contest/out/build/x64-Release/CMakeFiles/3.18.20081302-MSVC_2/CompilerIdC/CMakeCCompilerId.exe"

Compiling the CXX compiler identification source file "CMakeCXXCompilerId.cpp" succeeded.
Compiler: C:/Program Files (x86)/Microsoft Visual Studio/2019/Community/VC/Tools/MSVC/14.28.29333/bin/Hostx64/x64/cl.exe 
Build flags: 
Id flags:  

The output was:
0
Microsoft (R) C/C++ Optimizing Compiler Version 19.28.29336 for x64
Copyright (C) Microsoft Corporation.  All rights reserved.

CMakeCXXCompilerId.cpp
Microsoft (R) Incremental Linker Version 14.28.29336.0
Copyright (C) Microsoft Corporation.  All rights reserved.

/out:CMakeCXXCompilerId.exe 
CMakeCXXCompilerId.obj 


Compilation of the CXX compiler identification source "CMakeCXXCompilerId.cpp" produced "CMakeCXXCompilerId.exe"

Compilation of the CXX compiler identification source "CMakeCXXCompilerId.cpp" produced "CMakeCXXCompilerId.obj"

The CXX compiler identification is MSVC, found in "C:/dev/Staring_Contest/out/build/x64-Release/CMakeFiles/3.18.20081302-MSVC_2/CompilerIdCXX/CMakeCXXCompilerId.exe"

Detecting C compiler ABI info compiled with the following output:
Change Dir: C:/dev/Staring_Contest/out/build/x64-Release/CMakeFiles/CMakeTmp

Run Build Command(s):C:/Program Files (x86)/Microsoft Visual Studio/2019/Community/Common7/IDE/CommonExtensions/Microsoft/CMake/Ninja/ninja.exe cmTC_951c0 && [1/2] Building C object CMakeFiles\cmTC_951c0.dir\CMakeCCompilerABI.c.obj
[2/2] Linking C executable cmTC_951c0.exe



Detecting CXX compiler ABI info compiled with the following output:
Change Dir: C:/dev/Staring_Contest/out/build/x64-Release/CMakeFiles/CMakeTmp

Run Build Command(s):C:/Program Files (x86)/Microsoft Visual Studio/2019/Community/Common7/IDE/CommonExtensions/Microsoft/CMake/Ninja/ninja.exe cmTC_ef6bf && [1/2] Building CXX object CMakeFiles\cmTC_ef6bf.dir\CMakeCXXCompilerABI.cpp.obj
[2/2] Linking CXX executable cmTC_ef6bf.exe



Determining if the include file sys/types.h exists passed with the following output:
Change Dir: C:/dev/Staring_Contest/out/build/x64-Release/CMakeFiles/CMakeTmp

Run Build Command(s):C:/Program Files (x86)/Microsoft Visual Studio/2019/Community/Common7/IDE/CommonExtensions/Microsoft/CMake/Ninja/ninja.exe cmTC_84939 && [1/2] Building C object CMakeFiles\cmTC_84939.dir\CheckIncludeFile.c.obj
[2/2] Linking C executable cmTC_84939.exe



Determining if the include file stdint.h exists passed with the following output:
Change Dir: C:/dev/Staring_Contest/out/build/x64-Release/CMakeFiles/CMakeTmp

Run Build Command(s):C:/Program Files (x86)/Microsoft Visual Studio/2019/Community/Common7/IDE/CommonExtensions/Microsoft/CMake/Ninja/ninja.exe cmTC_bc813 && [1/2] Building C object CMakeFiles\cmTC_bc813.dir\CheckIncludeFile.c.obj
[2/2] Linking C executable cmTC_bc813.exe



Determining if the include file stddef.h exists passed with the following output:
Change Dir: C:/dev/Staring_Contest/out/build/x64-Release/CMakeFiles/CMakeTmp

Run Build Command(s):C:/Program Files (x86)/Microsoft Visual Studio/2019/Community/Common7/IDE/CommonExtensions/Microsoft/CMake/Ninja/ninja.exe cmTC_f926f && [1/2] Building C object CMakeFiles\cmTC_f926f.dir\CheckIncludeFile.c.obj
[2/2] Linking C executable cmTC_f926f.exe



Determining size of void* passed with the following output:
Change Dir: C:/dev/Staring_Contest/out/build/x64-Release/CMakeFiles/CMakeTmp

Run Build Command(s):C:/Program Files (x86)/Microsoft Visual Studio/2019/Community/Common7/IDE/CommonExtensions/Microsoft/CMake/Ninja/ninja.exe cmTC_40297 && [1/2] Building C object CMakeFiles\cmTC_40297.dir\SIZEOF_VOID_PTR.c.obj
[2/2] Linking C executable cmTC_40297.exe



